{
  "RSpec": {
    "coverage": {
      "/Users/manu/Development/code/amoeba-circus-on-rails-ruby-003/app/models/amoeba.rb": [
        1,
        1,
        1,
        1,
        null,
        1,
        4,
        4,
        4,
        4,
        4,
        4,
        null,
        null,
        null,
        null
      ],
      "/Users/manu/Development/code/amoeba-circus-on-rails-ruby-003/app/models/talent.rb": [
        1,
        1,
        null
      ]
    },
    "timestamp": 1384267228
  }
}
